<?xml version="1.0" encoding="UTF-8"?>
<testng-results ignored="0" total="9" passed="9" failed="0" skipped="0">
  <reporter-output>
  </reporter-output>
  <suite started-at="2023-12-01T23:09:33 GMT" name="vendor-portal" finished-at="2023-12-01T23:10:23 GMT" duration-ms="50603">
    <groups>
    </groups>
    <test started-at="2023-12-01T23:09:33 GMT" name="user-sam" finished-at="2023-12-01T23:10:20 GMT" duration-ms="47036">
      <class name="tests.vendorportal.VendorPortalTest">
        <test-method is-config="true" signature="setDriver(org.testng.ITestContext)[pri:0, instance:tests.vendorportal.VendorPortalTest@4a3631f8]" started-at="2023-12-01T23:09:33 GMT" name="setDriver" finished-at="2023-12-01T23:09:48 GMT" duration-ms="15084" status="PASS">
          <params>
            <param index="0">
              <value>
                <![CDATA[org.testng.TestRunner@56673b2c]]>
              </value>
            </param>
          </params>
          <reporter-output>
          </reporter-output>
        </test-method> <!-- setDriver -->
        <test-method is-config="true" signature="setPageObjects(java.lang.String)[pri:0, instance:tests.vendorportal.VendorPortalTest@4a3631f8]" started-at="2023-12-01T23:09:48 GMT" name="setPageObjects" finished-at="2023-12-01T23:09:50 GMT" depends-on-methods="tests.AbstractTest.setDriver" duration-ms="2161" status="PASS">
          <params>
            <param index="0">
              <value>
                <![CDATA[test-data/vendor-portal/sam.json]]>
              </value>
            </param>
          </params>
          <reporter-output>
          </reporter-output>
        </test-method> <!-- setPageObjects -->
        <test-method signature="loginTest()[pri:0, instance:tests.vendorportal.VendorPortalTest@4a3631f8]" started-at="2023-12-01T23:09:50 GMT" name="loginTest" finished-at="2023-12-01T23:10:00 GMT" duration-ms="9786" status="PASS">
          <reporter-output>
          </reporter-output>
        </test-method> <!-- loginTest -->
        <test-method signature="dashboardTest()[pri:0, instance:tests.vendorportal.VendorPortalTest@4a3631f8]" started-at="2023-12-01T23:10:00 GMT" name="dashboardTest" finished-at="2023-12-01T23:10:14 GMT" depends-on-methods="tests.vendorportal.VendorPortalTest.loginTest" duration-ms="14028" status="PASS">
          <reporter-output>
          </reporter-output>
        </test-method> <!-- dashboardTest -->
        <test-method signature="logoutTest()[pri:0, instance:tests.vendorportal.VendorPortalTest@4a3631f8]" started-at="2023-12-01T23:10:14 GMT" name="logoutTest" finished-at="2023-12-01T23:10:19 GMT" depends-on-methods="tests.vendorportal.VendorPortalTest.dashboardTest" duration-ms="5483" status="PASS">
          <reporter-output>
          </reporter-output>
        </test-method> <!-- logoutTest -->
        <test-method is-config="true" signature="quitDriver()[pri:0, instance:tests.vendorportal.VendorPortalTest@4a3631f8]" started-at="2023-12-01T23:10:19 GMT" name="quitDriver" finished-at="2023-12-01T23:10:20 GMT" duration-ms="323" status="PASS">
          <reporter-output>
          </reporter-output>
        </test-method> <!-- quitDriver -->
      </class> <!-- tests.vendorportal.VendorPortalTest -->
    </test> <!-- user-sam -->
    <test started-at="2023-12-01T23:09:33 GMT" name="user-john" finished-at="2023-12-01T23:10:22 GMT" duration-ms="49212">
      <class name="tests.vendorportal.VendorPortalTest">
        <test-method is-config="true" signature="setupConfig()[pri:0, instance:tests.vendorportal.VendorPortalTest@1d483de4]" started-at="2023-12-01T23:09:33 GMT" name="setupConfig" finished-at="2023-12-01T23:09:33 GMT" duration-ms="30" status="PASS">
          <reporter-output>
          </reporter-output>
        </test-method> <!-- setupConfig -->
        <test-method is-config="true" signature="setDriver(org.testng.ITestContext)[pri:0, instance:tests.vendorportal.VendorPortalTest@1d483de4]" started-at="2023-12-01T23:09:33 GMT" name="setDriver" finished-at="2023-12-01T23:09:48 GMT" duration-ms="15083" status="PASS">
          <params>
            <param index="0">
              <value>
                <![CDATA[org.testng.TestRunner@b4711e2]]>
              </value>
            </param>
          </params>
          <reporter-output>
          </reporter-output>
        </test-method> <!-- setDriver -->
        <test-method is-config="true" signature="setPageObjects(java.lang.String)[pri:0, instance:tests.vendorportal.VendorPortalTest@1d483de4]" started-at="2023-12-01T23:09:48 GMT" name="setPageObjects" finished-at="2023-12-01T23:09:50 GMT" depends-on-methods="tests.AbstractTest.setDriver" duration-ms="2160" status="PASS">
          <params>
            <param index="0">
              <value>
                <![CDATA[test-data/vendor-portal/john.json]]>
              </value>
            </param>
          </params>
          <reporter-output>
          </reporter-output>
        </test-method> <!-- setPageObjects -->
        <test-method signature="loginTest()[pri:0, instance:tests.vendorportal.VendorPortalTest@1d483de4]" started-at="2023-12-01T23:09:50 GMT" name="loginTest" finished-at="2023-12-01T23:10:00 GMT" duration-ms="9945" status="PASS">
          <reporter-output>
          </reporter-output>
        </test-method> <!-- loginTest -->
        <test-method signature="dashboardTest()[pri:0, instance:tests.vendorportal.VendorPortalTest@1d483de4]" started-at="2023-12-01T23:10:00 GMT" name="dashboardTest" finished-at="2023-12-01T23:10:14 GMT" depends-on-methods="tests.vendorportal.VendorPortalTest.loginTest" duration-ms="14562" status="PASS">
          <reporter-output>
          </reporter-output>
        </test-method> <!-- dashboardTest -->
        <test-method signature="logoutTest()[pri:0, instance:tests.vendorportal.VendorPortalTest@1d483de4]" started-at="2023-12-01T23:10:14 GMT" name="logoutTest" finished-at="2023-12-01T23:10:22 GMT" depends-on-methods="tests.vendorportal.VendorPortalTest.dashboardTest" duration-ms="7161" status="PASS">
          <reporter-output>
          </reporter-output>
        </test-method> <!-- logoutTest -->
        <test-method is-config="true" signature="quitDriver()[pri:0, instance:tests.vendorportal.VendorPortalTest@1d483de4]" started-at="2023-12-01T23:10:22 GMT" name="quitDriver" finished-at="2023-12-01T23:10:22 GMT" duration-ms="184" status="PASS">
          <reporter-output>
          </reporter-output>
        </test-method> <!-- quitDriver -->
      </class> <!-- tests.vendorportal.VendorPortalTest -->
    </test> <!-- user-john -->
    <test started-at="2023-12-01T23:09:33 GMT" name="user-mike" finished-at="2023-12-01T23:10:23 GMT" duration-ms="50599">
      <class name="tests.vendorportal.VendorPortalTest">
        <test-method is-config="true" signature="setDriver(org.testng.ITestContext)[pri:0, instance:tests.vendorportal.VendorPortalTest@5c669da8]" started-at="2023-12-01T23:09:33 GMT" name="setDriver" finished-at="2023-12-01T23:09:48 GMT" duration-ms="15083" status="PASS">
          <params>
            <param index="0">
              <value>
                <![CDATA[org.testng.TestRunner@2796aeae]]>
              </value>
            </param>
          </params>
          <reporter-output>
          </reporter-output>
        </test-method> <!-- setDriver -->
        <test-method is-config="true" signature="setPageObjects(java.lang.String)[pri:0, instance:tests.vendorportal.VendorPortalTest@5c669da8]" started-at="2023-12-01T23:09:48 GMT" name="setPageObjects" finished-at="2023-12-01T23:09:50 GMT" depends-on-methods="tests.AbstractTest.setDriver" duration-ms="2158" status="PASS">
          <params>
            <param index="0">
              <value>
                <![CDATA[test-data/vendor-portal/mike.json]]>
              </value>
            </param>
          </params>
          <reporter-output>
          </reporter-output>
        </test-method> <!-- setPageObjects -->
        <test-method signature="loginTest()[pri:0, instance:tests.vendorportal.VendorPortalTest@5c669da8]" started-at="2023-12-01T23:09:50 GMT" name="loginTest" finished-at="2023-12-01T23:10:00 GMT" duration-ms="10163" status="PASS">
          <reporter-output>
          </reporter-output>
        </test-method> <!-- loginTest -->
        <test-method signature="dashboardTest()[pri:0, instance:tests.vendorportal.VendorPortalTest@5c669da8]" started-at="2023-12-01T23:10:00 GMT" name="dashboardTest" finished-at="2023-12-01T23:10:12 GMT" depends-on-methods="tests.vendorportal.VendorPortalTest.loginTest" duration-ms="12147" status="PASS">
          <reporter-output>
          </reporter-output>
        </test-method> <!-- dashboardTest -->
        <test-method signature="logoutTest()[pri:0, instance:tests.vendorportal.VendorPortalTest@5c669da8]" started-at="2023-12-01T23:10:12 GMT" name="logoutTest" finished-at="2023-12-01T23:10:23 GMT" depends-on-methods="tests.vendorportal.VendorPortalTest.dashboardTest" duration-ms="10731" status="PASS">
          <reporter-output>
          </reporter-output>
        </test-method> <!-- logoutTest -->
        <test-method is-config="true" signature="quitDriver()[pri:0, instance:tests.vendorportal.VendorPortalTest@5c669da8]" started-at="2023-12-01T23:10:23 GMT" name="quitDriver" finished-at="2023-12-01T23:10:23 GMT" duration-ms="180" status="PASS">
          <reporter-output>
          </reporter-output>
        </test-method> <!-- quitDriver -->
      </class> <!-- tests.vendorportal.VendorPortalTest -->
    </test> <!-- user-mike -->
  </suite> <!-- vendor-portal -->
</testng-results>
